<?xml version="1.0" encoding="UTF-8"?>
<!-- Generated by org.testng.reporters.JUnitReportReporter -->
<testsuite hostname="XIPLR084" name="tests.MyResourcePageTest" tests="3" failures="0" timestamp="9 Apr 2018 13:15:52 GMT" time="61.369" errors="0">
  <testcase name="MyResourceTest002_Create_New_Activity" time="20.264" classname="tests.MyResourcePageTest"/>
  <testcase name="MyResourceTest003_Create_New_Assessment" time="20.038" classname="tests.MyResourcePageTest"/>
  <testcase name="MyResourceTest001_Create_New_Lesson" time="21.067" classname="tests.MyResourcePageTest"/>
</testsuite> <!-- tests.MyResourcePageTest -->
